2022-08-01T21:31:17.545879-0400--INFO--Setup completed
2022-08-01T21:32:25.338001-0400--INFO--Shutting down application
2022-08-01T21:32:35.970208-0400--INFO--Setup completed
2022-08-01T21:32:36.289351-0400--INFO--Shutting down application
2022-08-01T21:32:43.148330-0400--INFO--Setup completed
2022-08-01T21:33:59.508670-0400--INFO--Shutting down application
2022-08-01T21:34:05.085793-0400--INFO--Setup completed
2022-08-01T21:34:26.087226-0400--INFO--Shutting down application
2022-08-01T21:34:32.503293-0400--INFO--Setup completed
2022-08-01T21:34:51.474828-0400--INFO--Shutting down application
2022-08-01T21:34:57.320882-0400--INFO--Setup completed
2022-08-01T21:36:15.900427-0400--INFO--Shutting down application
2022-08-01T21:37:01.791788-0400--INFO--Setup completed
2022-08-01T21:38:02.615651-0400--INFO--Shutting down application
2022-08-01T21:38:13.235033-0400--INFO--Setup completed
2022-08-01T21:38:45.837991-0400--INFO--Shutting down application
2022-08-01T21:38:51.486757-0400--INFO--Setup completed
2022-08-01T21:38:52.952666-0400--DEBUG--['Sci/Tech' 'Sci/Tech' 'Entertainment' 'Sports' 'Entertainment' 'Sci/Tech'
 'Sci/Tech']
2022-08-01T21:41:39.453270-0400--INFO--Shutting down application
2022-08-01T21:41:46.623231-0400--INFO--Setup completed
2022-08-01T21:41:48.789009-0400--DEBUG--['Sci/Tech' 'Sci/Tech' 'Entertainment' 'Sports' 'Entertainment' 'Sci/Tech'
 'Sci/Tech']
2022-08-01T21:41:49.330974-0400--DEBUG--[[0.14144103 0.2392434  0.05403404 0.01113248 0.30720634 0.03973003
  0.1572061  0.05000657]
 [0.09827783 0.2936415  0.08737397 0.01140105 0.31608477 0.02543388
  0.13469355 0.03309345]
 [0.13104809 0.40439281 0.070623   0.01051762 0.19105085 0.02468024
  0.1497422  0.01794518]
 [0.1310893  0.24038186 0.0410197  0.00819808 0.13563479 0.02178736
  0.3999214  0.02196752]
 [0.23072942 0.25514822 0.05442121 0.00853709 0.18149356 0.02606391
  0.22564636 0.01796024]
 [0.16149437 0.23686311 0.08248952 0.00886585 0.35283302 0.02501302
  0.11289767 0.01954343]
 [0.22209536 0.17238602 0.06999685 0.01065462 0.32610109 0.0411668
  0.10329995 0.05429933]]
2022-08-01T21:42:53.731564-0400--INFO--Shutting down application
2022-08-01T21:43:01.633318-0400--INFO--Setup completed
2022-08-01T21:43:38.463609-0400--INFO--Shutting down application
2022-08-01T21:43:48.514018-0400--INFO--Setup completed
2022-08-01T21:43:56.486047-0400--DEBUG--['Sci/Tech' 'Sci/Tech' 'Entertainment' 'Sports' 'Entertainment' 'Sci/Tech'
 'Sci/Tech']
2022-08-01T21:43:57.103289-0400--DEBUG--{'Business': array([0.14144103, 0.2392434 , 0.05403404, 0.01113248, 0.30720634,
       0.03973003, 0.1572061 , 0.05000657]), 'Entertainment': array([0.09827783, 0.2936415 , 0.08737397, 0.01140105, 0.31608477,
       0.02543388, 0.13469355, 0.03309345]), 'Health': array([0.13104809, 0.40439281, 0.070623  , 0.01051762, 0.19105085,
       0.02468024, 0.1497422 , 0.01794518]), 'Music Feeds': array([0.1310893 , 0.24038186, 0.0410197 , 0.00819808, 0.13563479,
       0.02178736, 0.3999214 , 0.02196752]), 'Sci/Tech': array([0.23072942, 0.25514822, 0.05442121, 0.00853709, 0.18149356,
       0.02606391, 0.22564636, 0.01796024]), 'Software and Developement': array([0.16149437, 0.23686311, 0.08248952, 0.00886585, 0.35283302,
       0.02501302, 0.11289767, 0.01954343]), 'Sports': array([0.22209536, 0.17238602, 0.06999685, 0.01065462, 0.32610109,
       0.0411668 , 0.10329995, 0.05429933])}
2022-08-01T21:45:08.536040-0400--DEBUG--['Entertainment' 'Entertainment' 'Sci/Tech' 'Entertainment' 'Sci/Tech'
 'Entertainment' 'Sci/Tech' 'Entertainment' 'Entertainment' 'Business'
 'Entertainment' 'Entertainment' 'Business' 'Entertainment' 'Business'
 'Entertainment' 'Entertainment' 'Entertainment' 'Business'
 'Entertainment' 'Sci/Tech' 'Sci/Tech' 'Entertainment' 'Business'
 'Sci/Tech' 'Sci/Tech' 'Entertainment' 'Entertainment' 'Entertainment'
 'Entertainment' 'Sci/Tech' 'Business' 'Entertainment' 'Entertainment'
 'Entertainment' 'Entertainment' 'Business' 'Entertainment'
 'Entertainment']
2022-08-01T21:45:11.584912-0400--DEBUG--{'Business': array([0.13799844, 0.48829847, 0.04825924, 0.00738722, 0.17943231,
       0.01683238, 0.1055285 , 0.01626344]), 'Entertainment': array([0.20957025, 0.26137552, 0.074011  , 0.01044857, 0.15580333,
       0.02872331, 0.23543307, 0.02463496]), 'Health': array([0.21845428, 0.27335428, 0.05991048, 0.00782805, 0.30511741,
       0.01997685, 0.10161081, 0.01374784]), 'Music Feeds': array([0.14935091, 0.30497279, 0.07171837, 0.00957008, 0.29824015,
       0.02950489, 0.11319979, 0.02344301]), 'Sci/Tech': array([0.17100124, 0.24603268, 0.05042044, 0.00979411, 0.40215817,
       0.03005603, 0.06381303, 0.0267243 ]), 'Software and Developement': array([0.14945506, 0.36379965, 0.08175323, 0.00704956, 0.20174611,
       0.02471237, 0.15142733, 0.02005669]), 'Sports': array([0.17100124, 0.24603268, 0.05042044, 0.00979411, 0.40215817,
       0.03005603, 0.06381303, 0.0267243 ]), 'Toons': array([0.1689628 , 0.30498138, 0.07000285, 0.00940094, 0.18663369,
       0.02493064, 0.21528461, 0.01980309])}
2022-08-01T21:46:06.681859-0400--INFO--Shutting down application
2022-08-01T21:46:14.004001-0400--INFO--Setup completed
2022-08-01T21:46:18.062991-0400--DEBUG--['Entertainment' 'Entertainment' 'Sci/Tech' 'Entertainment' 'Sci/Tech'
 'Entertainment' 'Sci/Tech' 'Entertainment' 'Entertainment' 'Business'
 'Entertainment' 'Entertainment' 'Business' 'Entertainment' 'Business'
 'Entertainment' 'Entertainment' 'Entertainment' 'Business'
 'Entertainment' 'Sci/Tech' 'Sci/Tech' 'Entertainment' 'Business'
 'Sci/Tech' 'Sci/Tech' 'Entertainment' 'Entertainment' 'Entertainment'
 'Entertainment' 'Sci/Tech' 'Business' 'Entertainment' 'Entertainment'
 'Entertainment' 'Entertainment' 'Business' 'Entertainment'
 'Entertainment']
2022-08-01T21:46:18.065132-0400--DEBUG--Microsoft is a big tech company with AI
2022-08-01T21:46:21.087420-0400--DEBUG--{'Business': array([0.13799844, 0.48829847, 0.04825924, 0.00738722, 0.17943231,
       0.01683238, 0.1055285 , 0.01626344]), 'Entertainment': array([0.20957025, 0.26137552, 0.074011  , 0.01044857, 0.15580333,
       0.02872331, 0.23543307, 0.02463496]), 'Health': array([0.21845428, 0.27335428, 0.05991048, 0.00782805, 0.30511741,
       0.01997685, 0.10161081, 0.01374784]), 'Music Feeds': array([0.14935091, 0.30497279, 0.07171837, 0.00957008, 0.29824015,
       0.02950489, 0.11319979, 0.02344301]), 'Sci/Tech': array([0.17100124, 0.24603268, 0.05042044, 0.00979411, 0.40215817,
       0.03005603, 0.06381303, 0.0267243 ]), 'Software and Developement': array([0.14945506, 0.36379965, 0.08175323, 0.00704956, 0.20174611,
       0.02471237, 0.15142733, 0.02005669]), 'Sports': array([0.17100124, 0.24603268, 0.05042044, 0.00979411, 0.40215817,
       0.03005603, 0.06381303, 0.0267243 ]), 'Toons': array([0.1689628 , 0.30498138, 0.07000285, 0.00940094, 0.18663369,
       0.02493064, 0.21528461, 0.01980309])}
2022-08-01T21:48:41.373197-0400--INFO--Shutting down application
2022-08-01T21:48:47.353811-0400--INFO--Setup completed
2022-08-01T21:48:50.373168-0400--DEBUG--['Entertainment' 'Entertainment' 'Sci/Tech' 'Entertainment' 'Sci/Tech'
 'Entertainment' 'Sci/Tech' 'Entertainment' 'Entertainment' 'Business'
 'Entertainment' 'Entertainment' 'Business' 'Entertainment' 'Business'
 'Entertainment' 'Entertainment' 'Entertainment' 'Business'
 'Entertainment' 'Sci/Tech' 'Sci/Tech' 'Entertainment' 'Business'
 'Sci/Tech' 'Sci/Tech' 'Entertainment' 'Entertainment' 'Entertainment'
 'Entertainment' 'Sci/Tech' 'Business' 'Entertainment' 'Entertainment'
 'Entertainment' 'Entertainment' 'Business' 'Entertainment'
 'Entertainment']
2022-08-01T21:48:50.373776-0400--DEBUG--Microsoft is a big tech company with AI
2022-08-01T21:48:53.293777-0400--DEBUG--{'Business': array([0.13799844, 0.48829847, 0.04825924, 0.00738722, 0.17943231,
       0.01683238, 0.1055285 , 0.01626344]), 'Entertainment': array([0.20957025, 0.26137552, 0.074011  , 0.01044857, 0.15580333,
       0.02872331, 0.23543307, 0.02463496]), 'Health': array([0.21845428, 0.27335428, 0.05991048, 0.00782805, 0.30511741,
       0.01997685, 0.10161081, 0.01374784]), 'Music Feeds': array([0.14935091, 0.30497279, 0.07171837, 0.00957008, 0.29824015,
       0.02950489, 0.11319979, 0.02344301]), 'Sci/Tech': array([0.17100124, 0.24603268, 0.05042044, 0.00979411, 0.40215817,
       0.03005603, 0.06381303, 0.0267243 ]), 'Software and Developement': array([0.14945506, 0.36379965, 0.08175323, 0.00704956, 0.20174611,
       0.02471237, 0.15142733, 0.02005669]), 'Sports': array([0.17100124, 0.24603268, 0.05042044, 0.00979411, 0.40215817,
       0.03005603, 0.06381303, 0.0267243 ]), 'Toons': array([0.1689628 , 0.30498138, 0.07000285, 0.00940094, 0.18663369,
       0.02493064, 0.21528461, 0.01980309])}
2022-08-01T21:49:35.894396-0400--INFO--Shutting down application
2022-08-01T21:49:44.263329-0400--INFO--Setup completed
2022-08-01T21:49:50.553851-0400--DEBUG--['Entertainment' 'Entertainment' 'Sci/Tech' 'Entertainment' 'Sci/Tech'
 'Entertainment' 'Sci/Tech' 'Entertainment' 'Entertainment' 'Business'
 'Entertainment' 'Entertainment' 'Business' 'Entertainment' 'Business'
 'Entertainment' 'Entertainment' 'Entertainment' 'Business'
 'Entertainment' 'Sci/Tech' 'Sci/Tech' 'Entertainment' 'Business'
 'Sci/Tech' 'Sci/Tech' 'Entertainment' 'Entertainment' 'Entertainment'
 'Entertainment' 'Sci/Tech' 'Business' 'Entertainment' 'Entertainment'
 'Entertainment' 'Entertainment' 'Business' 'Entertainment'
 'Entertainment']
2022-08-01T21:49:50.554447-0400--DEBUG--Microsoft is a big tech company with AI
2022-08-01T21:49:53.757086-0400--DEBUG--{'Business': array([0.13799844, 0.48829847, 0.04825924, 0.00738722, 0.17943231,
       0.01683238, 0.1055285 , 0.01626344]), 'Entertainment': array([0.20957025, 0.26137552, 0.074011  , 0.01044857, 0.15580333,
       0.02872331, 0.23543307, 0.02463496]), 'Health': array([0.21845428, 0.27335428, 0.05991048, 0.00782805, 0.30511741,
       0.01997685, 0.10161081, 0.01374784]), 'Music Feeds': array([0.14935091, 0.30497279, 0.07171837, 0.00957008, 0.29824015,
       0.02950489, 0.11319979, 0.02344301]), 'Sci/Tech': array([0.17100124, 0.24603268, 0.05042044, 0.00979411, 0.40215817,
       0.03005603, 0.06381303, 0.0267243 ]), 'Software and Developement': array([0.14945506, 0.36379965, 0.08175323, 0.00704956, 0.20174611,
       0.02471237, 0.15142733, 0.02005669]), 'Sports': array([0.17100124, 0.24603268, 0.05042044, 0.00979411, 0.40215817,
       0.03005603, 0.06381303, 0.0267243 ]), 'Toons': array([0.1689628 , 0.30498138, 0.07000285, 0.00940094, 0.18663369,
       0.02493064, 0.21528461, 0.01980309])}
2022-08-01T21:49:58.288255-0400--INFO--Shutting down application
2022-08-01T21:50:04.062828-0400--INFO--Setup completed
2022-08-01T21:50:07.516537-0400--DEBUG--['Entertainment' 'Entertainment' 'Sci/Tech' 'Entertainment' 'Sci/Tech'
 'Entertainment' 'Sci/Tech' 'Entertainment' 'Entertainment' 'Business'
 'Entertainment' 'Entertainment' 'Business' 'Entertainment' 'Business'
 'Entertainment' 'Entertainment' 'Entertainment' 'Business'
 'Entertainment' 'Sci/Tech' 'Sci/Tech' 'Entertainment' 'Business'
 'Sci/Tech' 'Sci/Tech' 'Entertainment' 'Entertainment' 'Entertainment'
 'Entertainment' 'Sci/Tech' 'Business' 'Entertainment' 'Entertainment'
 'Entertainment' 'Entertainment' 'Business' 'Entertainment'
 'Entertainment']
2022-08-01T21:50:07.517173-0400--DEBUG--Microsoft is a big tech company with AI
2022-08-01T21:50:10.722654-0400--DEBUG--(39, 8)
2022-08-01T21:50:10.722976-0400--DEBUG--(8,)
2022-08-01T21:50:10.723251-0400--DEBUG--{'Business': array([0.13799844, 0.48829847, 0.04825924, 0.00738722, 0.17943231,
       0.01683238, 0.1055285 , 0.01626344]), 'Entertainment': array([0.20957025, 0.26137552, 0.074011  , 0.01044857, 0.15580333,
       0.02872331, 0.23543307, 0.02463496]), 'Health': array([0.21845428, 0.27335428, 0.05991048, 0.00782805, 0.30511741,
       0.01997685, 0.10161081, 0.01374784]), 'Music Feeds': array([0.14935091, 0.30497279, 0.07171837, 0.00957008, 0.29824015,
       0.02950489, 0.11319979, 0.02344301]), 'Sci/Tech': array([0.17100124, 0.24603268, 0.05042044, 0.00979411, 0.40215817,
       0.03005603, 0.06381303, 0.0267243 ]), 'Software and Developement': array([0.14945506, 0.36379965, 0.08175323, 0.00704956, 0.20174611,
       0.02471237, 0.15142733, 0.02005669]), 'Sports': array([0.17100124, 0.24603268, 0.05042044, 0.00979411, 0.40215817,
       0.03005603, 0.06381303, 0.0267243 ]), 'Toons': array([0.1689628 , 0.30498138, 0.07000285, 0.00940094, 0.18663369,
       0.02493064, 0.21528461, 0.01980309])}
2022-08-01T21:50:52.630566-0400--INFO--Shutting down application
2022-08-01T21:50:57.931621-0400--INFO--Setup completed
2022-08-01T21:51:10.783148-0400--DEBUG--['Entertainment' 'Entertainment' 'Sci/Tech' 'Entertainment' 'Sci/Tech'
 'Entertainment' 'Sci/Tech' 'Entertainment' 'Entertainment' 'Business'
 'Entertainment' 'Entertainment' 'Business' 'Entertainment' 'Business'
 'Entertainment' 'Entertainment' 'Entertainment' 'Business'
 'Entertainment' 'Sci/Tech' 'Sci/Tech' 'Entertainment' 'Business'
 'Sci/Tech' 'Sci/Tech' 'Entertainment' 'Entertainment' 'Entertainment'
 'Entertainment' 'Sci/Tech' 'Business' 'Entertainment' 'Entertainment'
 'Entertainment' 'Entertainment' 'Business' 'Entertainment'
 'Entertainment']
2022-08-01T21:51:10.783762-0400--DEBUG--(39,)
2022-08-01T21:51:10.784098-0400--DEBUG--Microsoft is a big tech company with AI
2022-08-01T21:51:13.789117-0400--DEBUG--(39, 8)
2022-08-01T21:51:13.789561-0400--DEBUG--(8,)
2022-08-01T21:51:13.789905-0400--DEBUG--{'Business': array([0.13799844, 0.48829847, 0.04825924, 0.00738722, 0.17943231,
       0.01683238, 0.1055285 , 0.01626344]), 'Entertainment': array([0.20957025, 0.26137552, 0.074011  , 0.01044857, 0.15580333,
       0.02872331, 0.23543307, 0.02463496]), 'Health': array([0.21845428, 0.27335428, 0.05991048, 0.00782805, 0.30511741,
       0.01997685, 0.10161081, 0.01374784]), 'Music Feeds': array([0.14935091, 0.30497279, 0.07171837, 0.00957008, 0.29824015,
       0.02950489, 0.11319979, 0.02344301]), 'Sci/Tech': array([0.17100124, 0.24603268, 0.05042044, 0.00979411, 0.40215817,
       0.03005603, 0.06381303, 0.0267243 ]), 'Software and Developement': array([0.14945506, 0.36379965, 0.08175323, 0.00704956, 0.20174611,
       0.02471237, 0.15142733, 0.02005669]), 'Sports': array([0.17100124, 0.24603268, 0.05042044, 0.00979411, 0.40215817,
       0.03005603, 0.06381303, 0.0267243 ]), 'Toons': array([0.1689628 , 0.30498138, 0.07000285, 0.00940094, 0.18663369,
       0.02493064, 0.21528461, 0.01980309])}
2022-08-01T21:57:13.950678-0400--INFO--Shutting down application
2022-08-01T21:57:23.811635-0400--INFO--Setup completed
2022-08-01T21:57:31.820979-0400--INFO--Shutting down application
2022-08-01T21:57:38.829773-0400--INFO--Setup completed
2022-08-01T21:57:39.033301-0400--INFO--Shutting down application
2022-08-01T21:57:44.784123-0400--INFO--Setup completed
2022-08-01T21:57:47.576581-0400--DEBUG--Sci/Tech
2022-08-01T21:57:47.576919-0400--DEBUG--()
2022-08-01T21:57:47.577171-0400--DEBUG--Microsoft is a big tech company with AI
2022-08-01T21:57:47.675833-0400--DEBUG--(8,)
2022-08-01T21:57:47.676192-0400--DEBUG--(8,)
2022-08-01T21:57:47.676604-0400--DEBUG--{'Business': 0.15374563473646338, 'Entertainment': 0.18408843770844008, 'Health': 0.021697307252917186, 'Music Feeds': 0.0025681845926553313, 'Sci/Tech': 0.6102598486229017, 'Software and Developement': 0.010280242255516697, 'Sports': 0.014013932973500329, 'Toons': 0.003346411857605161}
2022-08-01T21:58:28.529282-0400--INFO--Shutting down application
2022-08-01T21:58:34.165262-0400--INFO--Setup completed
2022-08-01T22:00:23.801930-0400--INFO--Shutting down application
2022-08-01T22:00:32.257803-0400--INFO--Setup completed
2022-08-01T22:00:46.584751-0400--INFO--Shutting down application
2022-08-01T22:00:55.614036-0400--INFO--Setup completed
2022-08-01T22:01:59.003198-0400--INFO--Shutting down application
2022-08-01T22:02:05.017207-0400--INFO--Setup completed
2022-08-01T22:02:13.901378-0400--INFO--Shutting down application
2022-08-01T22:02:19.136793-0400--INFO--Setup completed
2022-08-01T22:04:09.303413-0400--INFO--Shutting down application
2022-08-01T22:04:16.214039-0400--INFO--Setup completed
2022-08-01T22:04:39.730724-0400--INFO--Shutting down application
2022-08-01T22:04:46.323602-0400--INFO--Setup completed
2022-08-01T22:04:51.377230-0400--INFO--Shutting down application
2022-08-01T22:04:57.317504-0400--INFO--Setup completed
2022-08-01T22:04:59.738646-0400--INFO--Shutting down application
2022-08-01T22:05:05.719374-0400--INFO--Setup completed
2022-08-01T22:05:05.925147-0400--INFO--Shutting down application
2022-08-01T22:05:11.114616-0400--INFO--Setup completed
2022-08-01T22:05:12.730515-0400--DEBUG--Sci/Tech
2022-08-01T22:05:12.730871-0400--DEBUG--()
2022-08-01T22:05:12.731115-0400--DEBUG--Microsoft is a big tech company with AI
2022-08-01T22:05:12.834855-0400--DEBUG--(8,)
2022-08-01T22:05:12.835209-0400--DEBUG--(8,)
2022-08-01T22:05:12.835503-0400--DEBUG--{'Business': 0.15374563473646338, 'Entertainment': 0.18408843770844008, 'Health': 0.021697307252917186, 'Music Feeds': 0.0025681845926553313, 'Sci/Tech': 0.6102598486229017, 'Software and Developement': 0.010280242255516697, 'Sports': 0.014013932973500329, 'Toons': 0.003346411857605161}
2022-08-01T22:05:12.835964-0400--INFO--{'timestamp': '2022:08:01 22:05:12', 'request': PredictRequest(source='test', url='test', title='test', description='Microsoft is a big tech company with AI'), 'prediction': PredictResponse(scores={'Business': 0.15374563473646338, 'Entertainment': 0.18408843770844008, 'Health': 0.021697307252917186, 'Music Feeds': 0.0025681845926553313, 'Sci/Tech': 0.6102598486229017, 'Software and Developement': 0.010280242255516697, 'Sports': 0.014013932973500329, 'Toons': 0.003346411857605161}, label='Sci/Tech'), 'latency': 211}
2022-08-01T22:05:21.987606-0400--DEBUG--Sci/Tech
2022-08-01T22:05:21.987931-0400--DEBUG--()
2022-08-01T22:05:21.988214-0400--DEBUG--Microsoft is a big tech company with AI
2022-08-01T22:05:22.092441-0400--DEBUG--(8,)
2022-08-01T22:05:22.092812-0400--DEBUG--(8,)
2022-08-01T22:05:22.093097-0400--DEBUG--{'Business': 0.15374563473646338, 'Entertainment': 0.18408843770844008, 'Health': 0.021697307252917186, 'Music Feeds': 0.0025681845926553313, 'Sci/Tech': 0.6102598486229017, 'Software and Developement': 0.010280242255516697, 'Sports': 0.014013932973500329, 'Toons': 0.003346411857605161}
2022-08-01T22:05:22.093431-0400--INFO--{'timestamp': '2022:08:01 22:05:21', 'request': PredictRequest(source='test', url='test', title='test', description='Microsoft is a big tech company with AI'), 'prediction': PredictResponse(scores={'Business': 0.15374563473646338, 'Entertainment': 0.18408843770844008, 'Health': 0.021697307252917186, 'Music Feeds': 0.0025681845926553313, 'Sci/Tech': 0.6102598486229017, 'Software and Developement': 0.010280242255516697, 'Sports': 0.014013932973500329, 'Toons': 0.003346411857605161}, label='Sci/Tech'), 'latency': 225}
2022-08-01T22:05:49.446740-0400--INFO--Shutting down application
2022-08-01T22:05:54.759757-0400--INFO--Setup completed
